<?xml version="1.0" encoding="UTF-8"?>
<!-- Generated by org.testng.reporters.JUnitXMLReporter -->
<testsuite ignored="0" hostname="DELL" failures="0" tests="3" name="Default test" time="17.437" errors="0" timestamp="2024-03-18T22:25:27 IST">
  <testcase classname="LoginSeleTest.LoginSelenium" name="testLogin" time="4.761"/>
  <testcase classname="LoginSeleTest.LoginSelenium" name="testLogin" time="4.704"/>
  <testcase classname="LoginSeleTest.LoginSelenium" name="testLogin" time="4.883"/>
</testsuite> <!-- Default test -->
