<?xml version="1.0" encoding="UTF-8"?>
<testng-results ignored="0" total="3" passed="3" failed="0" skipped="0">
  <reporter-output>
  </reporter-output>
  <suite started-at="2024-03-18T22:25:10 IST" name="Default suite" finished-at="2024-03-18T22:25:27 IST" duration-ms="17437">
    <groups>
    </groups>
    <test started-at="2024-03-18T22:25:10 IST" name="Default test" finished-at="2024-03-18T22:25:27 IST" duration-ms="17437">
      <class name="LoginSeleTest.LoginSelenium">
        <test-method is-config="true" signature="setUp()[pri:0, instance:LoginSeleTest.LoginSelenium@548a24a]" started-at="2024-03-18T22:25:10 IST" name="setUp" finished-at="2024-03-18T22:25:12 IST" duration-ms="2302" status="PASS">
          <reporter-output>
          </reporter-output>
        </test-method> <!-- setUp -->
        <test-method signature="testLogin(java.lang.String,java.lang.String,java.lang.String)[pri:0, instance:LoginSeleTest.LoginSelenium@548a24a]" started-at="2024-03-18T22:25:12 IST" name="testLogin" data-provider="loginData" finished-at="2024-03-18T22:25:17 IST" duration-ms="4761" status="PASS">
          <params>
            <param index="0">
              <value>
                <![CDATA[user1]]>
              </value>
            </param>
            <param index="1">
              <value>
                <![CDATA[password1]]>
              </value>
            </param>
            <param index="2">
              <value>
                <![CDATA[Login successful]]>
              </value>
            </param>
          </params>
          <reporter-output>
          </reporter-output>
        </test-method> <!-- testLogin -->
        <test-method signature="testLogin(java.lang.String,java.lang.String,java.lang.String)[pri:0, instance:LoginSeleTest.LoginSelenium@548a24a]" started-at="2024-03-18T22:25:17 IST" name="testLogin" data-provider="loginData" finished-at="2024-03-18T22:25:22 IST" duration-ms="4704" status="PASS">
          <params>
            <param index="0">
              <value>
                <![CDATA[user1]]>
              </value>
            </param>
            <param index="1">
              <value>
                <![CDATA[wrongpassword]]>
              </value>
            </param>
            <param index="2">
              <value>
                <![CDATA[Incorrect password]]>
              </value>
            </param>
          </params>
          <reporter-output>
          </reporter-output>
        </test-method> <!-- testLogin -->
        <test-method signature="testLogin(java.lang.String,java.lang.String,java.lang.String)[pri:0, instance:LoginSeleTest.LoginSelenium@548a24a]" started-at="2024-03-18T22:25:22 IST" name="testLogin" data-provider="loginData" finished-at="2024-03-18T22:25:26 IST" duration-ms="4883" status="PASS">
          <params>
            <param index="0">
              <value>
                <![CDATA[nonexistentuser]]>
              </value>
            </param>
            <param index="1">
              <value>
                <![CDATA[password]]>
              </value>
            </param>
            <param index="2">
              <value>
                <![CDATA[User does not exist]]>
              </value>
            </param>
          </params>
          <reporter-output>
          </reporter-output>
        </test-method> <!-- testLogin -->
        <test-method is-config="true" signature="tearDown()[pri:0, instance:LoginSeleTest.LoginSelenium@548a24a]" started-at="2024-03-18T22:25:26 IST" name="tearDown" finished-at="2024-03-18T22:25:27 IST" duration-ms="678" status="PASS">
          <reporter-output>
          </reporter-output>
        </test-method> <!-- tearDown -->
      </class> <!-- LoginSeleTest.LoginSelenium -->
    </test> <!-- Default test -->
  </suite> <!-- Default suite -->
</testng-results>
